15:31:24 **** Incremental Build of configuration Debug for project Car_Robot ****
make all 
Invoking: Print Size
avr-size --format=avr --mcu=atmega32 Car_Robot.elf
AVR Memory Usage
----------------
Device: atmega32

Program:    5978 bytes (18.2% Full)
(.text + .data + .bootloader)

Data:          8 bytes (0.4% Full)
(.data + .bss + .noinit)


Finished building: sizedummy
 
15:36:08 **** Incremental Build of configuration Debug for project Car_Robot ****
make all 
Building file: ../main.c
Invoking: AVR Compiler
avr-gcc -Wall -g2 -gstabs -O0 -fpack-struct -fshort-enums -ffunction-sections -fdata-sections -std=gnu99 -funsigned-char -funsigned-bitfields -mmcu=atmega32 -DF_CPU=8000000UL -MMD -MP -MF"main.d" -MT"main.o" -c -o "main.o" "../main.c"
In file included from ../main.c:9:
c:/winavr-20100110/lib/gcc/../../avr/include/avr/delay.h:36:2: warning: #warning "This file has been moved to <util/delay.h>."
In file included from c:/winavr-20100110/lib/gcc/../../avr/include/avr/delay.h:37,
                 from ../main.c:9:
c:/winavr-20100110/lib/gcc/../../avr/include/util/delay.h:90:3: warning: #warning "Compiler optimizations disabled; functions from <util/delay.h> won't work as designed"
Finished building: ../main.c
 
Building target: Car_Robot.elf
Invoking: AVR C Linker
avr-gcc -Wl,-Map,Car_Robot.map -mmcu=atmega32 -o "Car_Robot.elf"  ./USART.o ./main.o   
Finished building target: Car_Robot.elf
 
Invoking: AVR Create Extended Listing
avr-objdump -h -S Car_Robot.elf  >"Car_Robot.lss"
Finished building: Car_Robot.lss
 
Create Flash image (ihex format)
avr-objcopy -R .eeprom -R .fuse -R .lock -R .signature -O ihex Car_Robot.elf  "Car_Robot.hex"
Finished building: Car_Robot.hex
 
Invoking: Print Size
avr-size --format=avr --mcu=atmega32 Car_Robot.elf
AVR Memory Usage
----------------
Device: atmega32

Program:    6110 bytes (18.6% Full)
(.text + .data + .bootloader)

Data:          8 bytes (0.4% Full)
(.data + .bss + .noinit)


Finished building: sizedummy
 
